<?xml version="1.0" encoding="UTF-8"?>
<!-- Generated by org.testng.reporters.JUnitReportReporter -->
<testsuite hostname="DESKTOP-CP7G3NA" failures="0" tests="2" name="com.ninja.qa.testcases.HomeTest" time="9.569" errors="0" timestamp="2022-08-30T13:46:17 IST" skipped="0">
  <testcase classname="com.ninja.qa.testcases.HomeTest" name="homePageTitleTest" time="6.002"/>
  <system-out/>
  <testcase classname="com.ninja.qa.testcases.HomeTest" name="searchboxtest" time="3.567"/>
  <system-out/>
</testsuite> <!-- com.ninja.qa.testcases.HomeTest -->
